app/proguard-rules.pro
-dontskipnonpubliclibraryclasses # 不忽略非公共的库类
-optimizationpasses 5            # 指定代码的压缩级别
-dontusemixedcaseclassnames      # 是否使用大小写混合
-dontpreverify                   # 混淆时是否做预校验
-verbose                         # 混淆时是否记录日志
-dontoptimize                    # 优化不优化输入的类文件

-optimizations !code/simplification/arithmetic,!field/*,!class/merging/*  # 混淆时所采用的算法

-dontwarn com.tencent.bugly.**
-keep public class com.tencent.bugly.**{*;}
-keep class android.support.**{*;}
#-keep public class ldh.**{*;}


-dontwarn com.lxj.xpopup.widget.**
-keep class com.lxj.xpopup.widget.**{*;}
-keep class com.gyf.cactus.entity.* {*;}