app/seeds.txt
legym.fuck.SignUp
legym.fuck.FreeRun
legym.fuck.MainActivity
legym.fuck.LoadActivitiresThread: fucklegym.top.entropy.User user
legym.fuck.InitUserThread: fucklegym.top.entropy.User user
legym.fuck.SignUp: fucklegym.top.entropy.User user
legym.fuck.UploadThread: android.app.Activity activity
legym.fuck.FreeRun: android.os.Handler handler
legym.fuck.SignThread: android.os.Handler handler
legym.fuck.InitUserThread: android.app.Activity activity
legym.fuck.SignThread: java.lang.String name
legym.fuck.LoadActivitiresThread: android.os.Handler handler
legym.fuck.SignThread: fucklegym.top.entropy.User user
legym.fuck.SignUp: android.os.Handler handler
legym.fuck.SignUp: android.widget.EditText editText
legym.fuck.SignJump: android.app.Activity cont
legym.fuck.SignUp$2: legym.fuck.SignUp this$0
legym.fuck.SignUp: android.widget.TextView textView
legym.fuck.FreeRun$1: legym.fuck.FreeRun this$0
legym.fuck.FreeRun$1: android.widget.TextView val$restMileage
legym.fuck.SignUp$1: legym.fuck.SignUp this$0
legym.fuck.Jump: android.app.Activity cont
legym.fuck.UploadThread: fucklegym.top.entropy.User user
legym.fuck.InitUserThread: android.os.Handler handler
legym.fuck.FreeRun: fucklegym.top.entropy.User user
legym.fuck.UploadThread: double tot
legym.fuck.UploadThread: double effective
legym.fuck.UploadThread: android.os.Handler handler
legym.fuck.logic.legym.network.Encrypter: int encrypt(java.lang.String)
...
androidx.transition.Visibility$VisibilityInfo: int mStartVisibility
com.google.android.material.behavior.SwipeDismissBehavior$1: int originalCapturedViewLeft
androidx.collection.SparseArrayCompat: java.lang.Object DELETED
androidx.appcompat.view.menu.CascadingMenuPopup: int mPopupStyleAttr
com.alibaba.fastjson.parser.deserializer.Jdk8DateCodec: java.time.format.DateTimeFormatter formatter_d10_tw
androidx.coordinatorlayout.widget.CoordinatorLayout$LayoutParams: int mAnchorId
androidx.core.provider.FontsContractCompat: androidx.collection.SimpleArrayMap sPendingReplies
androidx.core.app.ActivityRecreator$2: android.app.Application val$application
com.alibaba.fastjson.parser.Feature: int mask
androidx.appcompat.widget.RtlSpacingHelper: boolean mIsRtl
com.google.android.material.internal.TextDrawableHelper: android.text.TextPaint textPaint
com.google.android.material.transformation.FabTransformationBehavior$2: android.view.View val$child
androidx.recyclerview.widget.FastScroller: int mDragState
com.google.android.material.internal.CollapsingTextHelper: android.graphics.Typeface collapsedTypeface
com.google.android.material.R$id: int mtrl_internal_children_alpha_tag
androidx.appcompat.resources.R$styleable: int AnimatedStateListDrawableTransition_android_fromId
com.google.android.material.textfield.IndicatorViewController: android.animation.Animator captionAnimator
com.alibaba.fastjson.serializer.SerializeWriter: long sepcialBits
androidx.appcompat.widget.SearchView: android.widget.ImageView mVoiceButton
androidx.appcompat.view.SupportActionModeWrapper: androidx.appcompat.view.ActionMode mWrappedObject
androidx.vectordrawable.graphics.drawable.VectorDrawableCompat$VectorDrawableCompatState: int mCachedRootAlpha
androidx.appcompat.R$layout: int abc_list_menu_item_layout
androidx.appcompat.app.WindowDecorActionBar: boolean mShowingForMode
androidx.appcompat.widget.AppCompatProgressBarHelper: android.graphics.Bitmap mSampleTile
com.alibaba.fastjson.util.FieldInfo: java.lang.String label
androidx.fragment.app.FragmentManagerImpl: int mNextFragmentIndex
com.google.android.material.appbar.AppBarLayout$LayoutParams: android.view.animation.Interpolator scrollInterpolator
com.alibaba.fastjson.parser.deserializer.MapDeserializer: com.alibaba.fastjson.parser.deserializer.MapDeserializer instance
androidx.transition.Visibility$VisibilityInfo: boolean mVisibilityChange
androidx.appcompat.app.AlertController: androidx.appcompat.app.AppCompatDialog mDialog
androidx.appcompat.R$styleable: int PopupWindow_overlapAnchor
com.google.android.material.R$drawable: int navigation_empty_icon
com.alibaba.fastjson.serializer.ASMSerializerFactory: java.lang.String ObjectSerializer_desc
com.google.android.material.datepicker.MonthsPagerAdapter: com.google.android.material.datepicker.MaterialCalendar$OnDayClickListener onDayClickListener
androidx.fragment.app.FragmentHostCallback: androidx.fragment.app.FragmentManagerImpl mFragmentManager
androidx.fragment.app.FragmentManagerImpl: java.util.ArrayList mTmpAddedFragments
com.google.android.material.shape.ShapeAppearanceModel: com.google.android.material.shape.CornerTreatment bottomRightCorner
androidx.recyclerview.widget.RecyclerView: java.util.List mPendingAccessibilityImportanceChange
com.alibaba.fastjson.parser.deserializer.Jdk8DateCodec: java.time.format.DateTimeFormatter formatter_dt19_tw
androidx.recyclerview.widget.ChildHelper: androidx.recyclerview.widget.ChildHelper$Callback mCallback
androidx.recyclerview.widget.LinearLayoutManager$LayoutState: int mExtraFillSpace
com.alibaba.fastjson.parser.ParserConfig: java.util.List modules
com.google.android.material.datepicker.MaterialCalendar$CalendarSelector: com.google.android.material.datepicker.MaterialCalendar$CalendarSelector YEAR
androidx.appcompat.R$styleable: int MenuItem_alphabeticModifiers
androidx.recyclerview.widget.LinearLayoutManager$LayoutState: int mOffset
com.google.android.material.appbar.ViewOffsetHelper: int layoutTop