app/mapping.txt
# compiler: R8
# compiler_version: 2.2.71
# min_api: 26
# pg_map_id: c60c00d
# common_typos_disable
legym.fuck.logic.legym.network.Encrypter -> b.a.a.a:
    int encrypt(java.lang.String) -> a
...
com.alibaba.fastjson.serializer.ByteBufferCodec$ByteBufferBean -> c.a.a.r.o$a:
    byte[] array -> a
    int limit -> b
    int position -> c
    java.nio.ByteBuffer byteBuffer() -> a
com.alibaba.fastjson.serializer.CalendarCodec -> c.a.a.r.p:
    javax.xml.datatype.DatatypeFactory dateFactory -> b
    com.alibaba.fastjson.serializer.CalendarCodec instance -> a
    void write(com.alibaba.fastjson.serializer.JSONSerializer,java.lang.Object,java.lang.Object,java.lang.reflect.Type,int) -> b
    void write(com.alibaba.fastjson.serializer.JSONSerializer,java.lang.Object,com.alibaba.fastjson.serializer.BeanContext) -> c
    java.lang.Object deserialze(com.alibaba.fastjson.parser.DefaultJSONParser,java.lang.reflect.Type,java.lang.Object) -> d
    int getFastMatchToken() -> e
    java.lang.Object deserialze(com.alibaba.fastjson.parser.DefaultJSONParser,java.lang.reflect.Type,java.lang.Object,java.lang.String,int) -> f
    javax.xml.datatype.XMLGregorianCalendar createXMLGregorianCalendar(java.util.Calendar) -> g
com.alibaba.fastjson.serializer.CharArrayCodec -> c.a.a.r.q:
    java.lang.Object deserialze(com.alibaba.fastjson.parser.DefaultJSONParser) -> b
    java.lang.Object deserialze(com.alibaba.fastjson.parser.DefaultJSONParser,java.lang.reflect.Type,java.lang.Object) -> d
    int getFastMatchToken() -> e
com.alibaba.fastjson.serializer.CharacterCodec -> c.a.a.r.r:
    com.alibaba.fastjson.serializer.CharacterCodec instance -> a
    void write(com.alibaba.fastjson.serializer.JSONSerializer,java.lang.Object,java.lang.Object,java.lang.reflect.Type,int) -> b
    java.lang.Object deserialze(com.alibaba.fastjson.parser.DefaultJSONParser,java.lang.reflect.Type,java.lang.Object) -> d
    int getFastMatchToken() -> e
com.alibaba.fastjson.serializer.ClobSeriliazer -> c.a.a.r.s:
    com.alibaba.fastjson.serializer.ClobSeriliazer instance -> a
    void write(com.alibaba.fastjson.serializer.JSONSerializer,java.lang.Object,java.lang.Object,java.lang.reflect.Type,int) -> b
com.alibaba.fastjson.serializer.CollectionCodec -> c.a.a.r.t:
    com.alibaba.fastjson.serializer.CollectionCodec instance -> a
    void write(com.alibaba.fastjson.serializer.JSONSerializer,java.lang.Object,java.lang.Object,java.lang.reflect.Type,int) -> b
    java.lang.Object deserialze(com.alibaba.fastjson.parser.DefaultJSONParser,java.lang.reflect.Type,java.lang.Object) -> d
    int getFastMatchToken() -> e
com.alibaba.fastjson.serializer.ContextObjectSerializer -> c.a.a.r.u:
    void write(com.alibaba.fastjson.serializer.JSONSerializer,java.lang.Object,com.alibaba.fastjson.serializer.BeanContext) -> c
com.alibaba.fastjson.serializer.ContextValueFilter -> c.a.a.r.v:
    java.lang.Object process(com.alibaba.fastjson.serializer.BeanContext,java.lang.Object,java.lang.String,java.lang.Object) -> d
com.alibaba.fastjson.serializer.DateCodec -> c.a.a.r.w:
    com.alibaba.fastjson.serializer.DateCodec instance -> a
    void write(com.alibaba.fastjson.serializer.JSONSerializer,java.lang.Object,java.lang.Object,java.lang.reflect.Type,int) -> b
    int getFastMatchToken() -> e
    java.lang.Object cast(com.alibaba.fastjson.parser.DefaultJSONParser,java.lang.reflect.Type,java.lang.Object,java.lang.Object) -> g
com.alibaba.fastjson.serializer.DoubleSerializer -> c.a.a.r.x:
    java.text.DecimalFormat decimalFormat -> b
    com.alibaba.fastjson.serializer.DoubleSerializer instance -> a
    void write(com.alibaba.fastjson.serializer.JSONSerializer,java.lang.Object,java.lang.Object,java.lang.reflect.Type,int) -> b
com.alibaba.fastjson.serializer.EnumSerializer -> c.a.a.r.y:
    com.alibaba.fastjson.serializer.EnumSerializer instance -> a
    java.lang.reflect.Member member -> b
    void write(com.alibaba.fastjson.serializer.JSONSerializer,java.lang.Object,java.lang.Object,java.lang.reflect.Type,int) -> b