app/unused.txt
legym.fuck.BuildConfig
legym.fuck.logic.legym.network.Encrypter:
    public void <init>()
legym.fuck.FreeRun:
    public static final int UPLOAD_FAIL
    public static final int UPLOAD_SUCCESS
    public static final int WHAT_UPDATE_RESTMILEAGE
legym.fuck.Jump:
    private static final java.lang.String URL_USERLIST
legym.fuck.R$anim
legym.fuck.R$animator
legym.fuck.R$attr
legym.fuck.R$bool
legym.fuck.R$color
legym.fuck.R$dimen
legym.fuck.R$drawable
legym.fuck.R$id
legym.fuck.R$integer
legym.fuck.R$interpolator
legym.fuck.R$layout
legym.fuck.R$mipmap
legym.fuck.R$plurals
legym.fuck.R$string
legym.fuck.R$style
legym.fuck.R$styleable
legym.fuck.R$xml
legym.fuck.R
legym.fuck.SignJump:
    private static final java.lang.String URL_USERLIST
legym.fuck.SignUp:
    public static final int ACTIVITYDOESNOTEXIST
    public static final int GETACTIVITIES
    public static final int UPLOADFAIL
    public static final int UPLOADSUCCESS
    private java.util.HashMap activities
...
androidx.core.app.ComponentActivity$ExtraData
androidx.core.app.ComponentActivity:
    public androidx.core.app.ComponentActivity$ExtraData getExtraData(java.lang.Class)
    public androidx.lifecycle.Lifecycle getLifecycle()
    public void putExtraData(androidx.core.app.ComponentActivity$ExtraData)
androidx.core.app.DialogCompat
androidx.core.app.FrameMetricsAggregator$FrameMetricsApi24Impl$1
androidx.core.app.FrameMetricsAggregator$FrameMetricsApi24Impl
androidx.core.app.FrameMetricsAggregator$FrameMetricsBaseImpl
androidx.core.app.FrameMetricsAggregator$MetricType
androidx.core.app.FrameMetricsAggregator
androidx.core.app.JobIntentService$CommandProcessor
androidx.core.app.JobIntentService$CompatJobEngine
androidx.core.app.JobIntentService$CompatWorkEnqueuer
androidx.core.app.JobIntentService$CompatWorkItem
androidx.core.app.JobIntentService$GenericWorkItem
androidx.core.app.JobIntentService$JobServiceEngineImpl$WrapperWorkItem
androidx.core.app.JobIntentService$JobServiceEngineImpl
androidx.core.app.JobIntentService$JobWorkEnqueuer
androidx.core.app.JobIntentService$WorkEnqueuer
androidx.core.app.JobIntentService
androidx.core.app.NavUtils:
    public static final java.lang.String PARENT_ACTIVITY
    private static final java.lang.String TAG
    private void <init>()
    public static android.content.Intent getParentActivityIntent(android.content.Context,java.lang.Class)
    public static void navigateUpFromSameTask(android.app.Activity)
androidx.core.app.NotificationBuilderWithBuilderAccessor
androidx.core.app.NotificationCompat$1
androidx.core.app.NotificationCompat$Action$Builder
androidx.core.app.NotificationCompat$Action$Extender
androidx.core.app.NotificationCompat$Action$SemanticAction
androidx.core.app.NotificationCompat$Action$WearableExtender
androidx.core.app.NotificationCompat$Action
androidx.core.app.NotificationCompat$BadgeIconType
androidx.core.app.NotificationCompat$BigPictureStyle
androidx.core.app.NotificationCompat$BigTextStyle
androidx.core.app.NotificationCompat$BubbleMetadata$Builder
androidx.core.app.NotificationCompat$BubbleMetadata
androidx.core.app.NotificationCompat$Builder
androidx.core.app.NotificationCompat$CarExtender$UnreadConversation$Builder
androidx.core.app.NotificationCompat$CarExtender$UnreadConversation
androidx.core.app.NotificationCompat$CarExtender
androidx.core.app.NotificationCompat$DecoratedCustomViewStyle
androidx.core.app.NotificationCompat$Extender
androidx.core.app.NotificationCompat$GroupAlertBehavior
androidx.core.app.NotificationCompat$InboxStyle
androidx.core.app.NotificationCompat$MessagingStyle$Message
androidx.core.app.NotificationCompat$MessagingStyle
androidx.core.app.NotificationCompat$NotificationVisibility
androidx.core.app.NotificationCompat$StreamType
androidx.core.app.NotificationCompat$Style
androidx.core.app.NotificationCompat$WearableExtender
androidx.core.app.NotificationCompat
androidx.core.app.NotificationCompatBuilder
androidx.core.app.NotificationCompatExtras
androidx.core.app.NotificationCompatJellybean
androidx.core.app.NotificationCompatSideChannelService$NotificationSideChannelStub
androidx.core.app.NotificationCompatSideChannelService
androidx.core.app.NotificationManagerCompat$CancelTask
androidx.core.app.NotificationManagerCompat$NotifyTask
androidx.core.app.NotificationManagerCompat$ServiceConnectedEvent
androidx.core.app.NotificationManagerCompat$SideChannelManager$ListenerRecord
androidx.core.app.NotificationManagerCompat$SideChannelManager
androidx.core.app.NotificationManagerCompat$Task
androidx.core.app.NotificationManagerCompat
androidx.core.app.Person$Builder
androidx.core.app.Person